2025-06-07 00:34:20.630996 - User: Admin - Path: /api/v1/conversations/
2025-06-07 00:35:18.345087 - User: Admin - Path: /api-auth/logout/
2025-06-07 00:35:18.385158 - User: Anonymous - Path: /api/v1/conversations/
2025-06-07 00:35:19.760314 - User: Anonymous - Path: /api-auth/login/
2025-06-07 00:35:28.969006 - User: Anonymous - Path: /api-auth/login/
2025-06-07 00:35:37.894388 - User: Anonymous - Path: /api-auth/login/
2025-06-07 00:35:51.849059 - User: Anonymous - Path: /api-auth/login/
2025-06-07 00:36:33.727530 - User: Anonymous - Path: /api-auth/login/
2025-06-07 00:36:34.720545 - User: Admin - Path: /api/v1/conversations/
2025-06-07 00:36:41.087213 - User: Admin - Path: /api/v1/messages/
2025-06-07 00:36:28.811416 - User: Admin - Path: /api/v1/conversations/
2025-06-07 00:56:10.617388 - User: Admin - Path: /api/v1/conversations/c7271a90-b125-4cef-aa80-0a2008e17cb8/messages/
2025-06-07 00:58:00.736362 - User: Admin - Path: /api/v1/conversations/c7271a90-b125-4cef-aa80-0a2008e17cb8/messages/
2025-06-07 00:58:20.309494 - User: Admin - Path: /api/v1/conversations/c7271a90-b125-4cef-aa80-0a2008e17cb8/messages/
2025-06-07 01:03:55.487811 - User: Admin - Path: /api/v1/conversations/c7271a90-b125-4cef-aa80-0a2008e17cb8/messages/
2025-06-07 01:04:18.048639 - User: Admin - Path: /api/v1/conversations/c7271a90-b125-4cef-aa80-0a2008e17cb8/messages/
2025-06-07 01:15:04.228457 - User: Admin - Path: /api/v1/conversations/c7271a90-b125-4cef-aa80-0a2008e17cb8/messages/
2025-06-07 01:18:04.856860 - User: Admin - Path: /api/v1/conversations/c7271a90-b125-4cef-aa80-0a2008e17cb8/messages/
2025-06-07 01:19:01.713020 - User: Admin - Path: /api/v1/conversations/c7271a90-b125-4cef-aa80-0a2008e17cb8/messages/
2025-06-07 01:19:53.815973 - User: Admin - Path: /api/v1/conversations/
2025-06-07 01:20:06.605912 - User: Admin - Path: /api/v1/conversations/
2025-06-07 01:20:53.042951 - User: Admin - Path: /api/v1/conversations/c7271a90-b125-4cef-aa80-0a2008e17cb8/messages/
2025-06-07 01:21:16.134280 - User: Admin - Path: /api/v1/conversations/c7271a90-b125-4cef-aa80-0a2008e17cb8/messages/
2025-06-07 01:21:22.324147 - User: Admin - Path: /api/v1/conversations/c7271a90-b125-4cef-aa80-0a2008e17cb8/messages/
2025-06-07 01:22:01.717834 - User: Admin - Path: /api/v1/conversations/c7271a90-b125-4cef-aa80-0a2008e17cb8/messages/
2025-06-07 01:21:24.955122 - User: Admin - Path: /api/v1/conversations/c7271a90-b125-4cef-aa80-0a2008e17cb8/messages/
2025-06-07 01:21:26.233085 - User: Admin - Path: /api/v1/conversations/c7271a90-b125-4cef-aa80-0a2008e17cb8/messages/
2025-06-07 01:21:27.329506 - User: Admin - Path: /api/v1/conversations/c7271a90-b125-4cef-aa80-0a2008e17cb8/messages/
2025-06-07 01:21:28.407653 - User: Admin - Path: /api/v1/conversations/c7271a90-b125-4cef-aa80-0a2008e17cb8/messages/
2025-06-07 01:22:06.817844 - User: Admin - Path: /api/v1/conversations/c7271a90-b125-4cef-aa80-0a2008e17cb8/messages/
2025-06-07 01:23:04.587825 - User: Admin - Path: /api/v1/conversations/c7271a90-b125-4cef-aa80-0a2008e17cb8/messages/
2025-06-07 01:23:17.495422 - User: Admin - Path: /api/v1/conversations/
2025-06-07 01:27:26.487186 - User: Admin - Path: /
2025-06-07 01:27:46.186263 - User: Admin - Path: /api/v1/conversations/
2025-06-07 01:29:22.692458 - User: Admin - Path: /api/v1/conversations/
2025-06-07 01:30:32.756444 - User: Admin - Path: /api/v1/conversations/
2025-06-07 01:44:13.905408 - User: Admin - Path: /api/v1/conversations/
2025-06-07 01:46:53.769398 - User: Admin - Path: /api/v1/
2025-06-07 01:47:26.532367 - User: Admin - Path: /api/v1/conversations/
2025-06-07 01:47:26.150431 - User: Admin - Path: /api/v1/conversations/
2025-06-07 01:47:38.703961 - User: Admin - Path: /api/v1/conversations/
2025-06-07 01:47:40.652976 - User: Admin - Path: /api/v1/conversations/
2025-06-07 01:48:59.985131 - User: Admin - Path: /api/v1/conversations/
2025-06-07 02:03:29.500852 - User: Admin - Path: /api/v1/users/
2025-06-07 02:04:10.484853 - User: Admin - Path: /api/v1/users/
2025-06-07 02:05:14.195215 - User: Admin - Path: /api/v1/users/
2025-06-07 02:08:42.255566 - User: Admin - Path: /api/v1/users/
2025-06-07 02:09:31.495518 - User: Admin - Path: /api/v1/users/
2025-06-07 02:11:12.888313 - User: Admin - Path: /api/v1/users/
2025-06-07 02:12:43.797862 - User: Admin - Path: /api/v1/users/
2025-06-07 02:12:59.089042 - User: Admin - Path: /api/v1/users/
2025-06-07 02:13:51.452198 - User: Admin - Path: /api/v1/users/
2025-06-07 02:14:04.525581 - User: Admin - Path: /api/v1/users/
2025-06-07 02:15:36.345677 - User: Admin - Path: /api/v1/users/
2025-06-07 02:18:07.165725 - User: Admin - Path: /api/v1/users/
2025-06-07 02:19:10.667443 - User: Admin - Path: /api/v1/users/
2025-06-07 02:19:31.094661 - User: Admin - Path: /api/v1/conversations/
2025-06-07 02:19:35.982259 - User: Admin - Path: /api-auth/logout/
2025-06-07 02:19:49.257357 - User: Admin - Path: /api-auth/logout/
2025-06-07 02:19:53.186720 - User: Admin - Path: /api-auth/logout/
2025-06-07 02:20:37.603301 - User: Admin - Path: /api-auth/logout/
2025-06-07 02:20:56.001284 - User: Admin - Path: /api-auth/logout/
2025-06-07 02:21:00.998417 - User: Admin - Path: /api-auth/logout/
2025-06-07 02:21:08.050803 - User: Admin - Path: /api-auth/logout/
2025-06-07 02:21:16.318615 - User: Admin - Path: /api-auth/logout/
2025-06-07 02:20:44.384010 - User: Admin - Path: /next=/api/v1/conversations/
2025-06-07 02:20:51.858500 - User: Admin - Path: /api/v1/conversations/
2025-06-07 02:20:57.070609 - User: Admin - Path: /api-auth/logout/
2025-06-07 02:21:20.456185 - User: Admin - Path: /api-auth/logout/
2025-06-07 02:21:20.501453 - User: Anonymous - Path: /api/v1/conversations/
2025-06-07 02:21:22.878405 - User: Anonymous - Path: /api-auth/login/
2025-06-07 02:21:37.804776 - User: Anonymous - Path: /api-auth/login/
2025-06-07 02:21:41.505953 - User: Anonymous - Path: /api-auth/login/
2025-06-07 02:21:42.355038 - User: Admin - Path: /api/v1/conversations/
2025-06-07 02:22:27.177600 - User: Admin - Path: /api/v1/users/
